<?xml version="1.0" encoding="UTF-8"?>
<!-- Generated by org.testng.reporters.JUnitReportReporter -->
<testsuite hostname="yasins-mbp.lan" failures="0" tests="1" name="controller.CommonWordsTest" time="28.099" errors="0" timestamp="2022-04-28T01:21:00 EDT" skipped="0">
  <testcase classname="controller.CommonWordsTest" name="findTheTopDuplicateThreeWords" time="28.099"/>
  <system-out/>
</testsuite> <!-- controller.CommonWordsTest -->
